Using pre-set license
Built from '2021.1/staging' branch; Version is '2021.1.7f1 (d91830b65d9b) revision 14227504'; Using compiler version '192528614'; Build Type 'Release'
OS: 'Windows 10 Pro; OS build 19041.1288; Version 2004; 64bit' Language: 'es' Physical Memory: 16333 MB
BatchMode: 1, IsHumanControllingUs: 0, StartBugReporterOnCrash: 0, Is64bit: 1, IsPro: 0

 COMMAND LINE ARGUMENTS:
C:\Program Files\Unity\Hub\Editor\2021.1.7f1\Editor\Unity.exe
-adb2
-batchMode
-noUpm
-name
AssetImportWorker0
-projectPath
C:/Users/angot/Documents/GitHub/Networks_and_Online_Games/Chat Application
-logFile
Logs/AssetImportWorker0.log
-srvPort
60089
Successfully changed project path to: C:/Users/angot/Documents/GitHub/Networks_and_Online_Games/Chat Application
C:/Users/angot/Documents/GitHub/Networks_and_Online_Games/Chat Application
Using Asset Import Pipeline V2.
Refreshing native plugins compatible for Editor in 75.59 ms, found 2 plugins.
Preloading 0 native plugins for Editor in 0.00 ms.
Initialize engine version: 2021.1.7f1 (d91830b65d9b)
[Subsystems] Discovering subsystems at path C:/Program Files/Unity/Hub/Editor/2021.1.7f1/Editor/Data/Resources/UnitySubsystems
[Subsystems] Discovering subsystems at path C:/Users/angot/Documents/GitHub/Networks_and_Online_Games/Chat Application/Assets
GfxDevice: creating device client; threaded=0; jobified=0
Direct3D:
    Version:  Direct3D 11.0 [level 11.1]
    Renderer: NVIDIA GeForce GTX 970 (ID=0x13c2)
    Vendor:   NVIDIA
    VRAM:     4043 MB
    Driver:   30.0.14.7141
Initialize mono
Mono path[0] = 'C:/Program Files/Unity/Hub/Editor/2021.1.7f1/Editor/Data/Managed'
Mono path[1] = 'C:/Program Files/Unity/Hub/Editor/2021.1.7f1/Editor/Data/MonoBleedingEdge/lib/mono/unityjit'
Mono config path = 'C:/Program Files/Unity/Hub/Editor/2021.1.7f1/Editor/Data/MonoBleedingEdge/etc'
Using monoOptions --debugger-agent=transport=dt_socket,embedding=1,server=y,suspend=n,address=127.0.0.1:56276
Begin MonoManager ReloadAssembly
Registering precompiled unity dll's ...
Register platform support module: C:/Program Files/Unity/Hub/Editor/2021.1.7f1/Editor/Data/PlaybackEngines/WindowsStandaloneSupport/UnityEditor.WindowsStandalone.Extensions.dll
Registered in 0.002192 seconds.
Native extension for WindowsStandalone target not found
Refreshing native plugins compatible for Editor in 30.49 ms, found 2 plugins.
Preloading 0 native plugins for Editor in 0.00 ms.
Mono: successfully reloaded assembly
- Completed reload, in  2.315 seconds
Platform modules already initialized, skipping
Registering precompiled user dll's ...
Registered in 0.003800 seconds.
Begin MonoManager ReloadAssembly
Native extension for WindowsStandalone target not found
Refreshing native plugins compatible for Editor in 0.29 ms, found 2 plugins.
Preloading 0 native plugins for Editor in 0.00 ms.
Mono: successfully reloaded assembly
- Completed reload, in  1.073 seconds
Platform modules already initialized, skipping
========================================================================
Worker process is ready to serve import requests
Launched and connected shader compiler UnityShaderCompiler.exe after 0.08 seconds
Refreshing native plugins compatible for Editor in 0.28 ms, found 2 plugins.
Preloading 0 native plugins for Editor in 0.00 ms.
Unloading 1412 Unused Serialized files (Serialized files now loaded: 0)
System memory in use before: 66.6 MB.
System memory in use after: 66.6 MB.

Unloading 16 unused Assets to reduce memory usage. Loaded Objects now: 1863.
Total: 3.059300 ms (FindLiveObjects: 0.123000 ms CreateObjectMapping: 0.043800 ms MarkObjects: 2.818600 ms  DeleteObjects: 0.072400 ms)

========================================================================
Received Import Request.
  path: Assets/UI/Buttons/Audio.prefab
  artifactKey: Guid(dac8da129968d894c9fea556fbabfe31) Importer(815301076,1909f56bfc062723c751e8b465ee728b)
Start importing Assets/UI/Buttons/Audio.prefab using Guid(dac8da129968d894c9fea556fbabfe31) Importer(815301076,1909f56bfc062723c751e8b465ee728b)  -> (artifact id: '36408302531e50a76a91ed1b7d0af3d9') in 0.103523 seconds 
========================================================================
Received Import Request.
  Time since last request: 0.000612 seconds.
  path: Assets/UI/Buttons/Next.prefab
  artifactKey: Guid(535b009c082da2347986ef12cd0c34e5) Importer(815301076,1909f56bfc062723c751e8b465ee728b)
Start importing Assets/UI/Buttons/Next.prefab using Guid(535b009c082da2347986ef12cd0c34e5) Importer(815301076,1909f56bfc062723c751e8b465ee728b)  -> (artifact id: '3a796aea733dd24c3c69da04ed814b46') in 0.017415 seconds 
========================================================================
Received Import Request.
  Time since last request: 0.000290 seconds.
  path: Assets/UI/Buttons/Retry.prefab
  artifactKey: Guid(a0032444f7f6d7c49b5039be4a4d76ca) Importer(815301076,1909f56bfc062723c751e8b465ee728b)
Start importing Assets/UI/Buttons/Retry.prefab using Guid(a0032444f7f6d7c49b5039be4a4d76ca) Importer(815301076,1909f56bfc062723c751e8b465ee728b)  -> (artifact id: 'b37a45dc04eacff1857c87fd2bcd8ef9') in 0.017003 seconds 
========================================================================
Received Import Request.
  Time since last request: 0.000347 seconds.
  path: Assets/UI/Textures/next_grey_pressed.png
  artifactKey: Guid(d930abb59e3785b418af600e73ad25a3) Importer(815301076,1909f56bfc062723c751e8b465ee728b)
Start importing Assets/UI/Textures/next_grey_pressed.png using Guid(d930abb59e3785b418af600e73ad25a3) Importer(815301076,1909f56bfc062723c751e8b465ee728b)  -> (artifact id: '06a701620cdc1a236fdcd3002b2f5b12') in 0.148310 seconds 
========================================================================
Received Import Request.
  Time since last request: 0.000321 seconds.
  path: Assets/UI/Textures/continue_grey_pressed.png
  artifactKey: Guid(6268964d3d853d14e9bb39a2755e4c4f) Importer(815301076,1909f56bfc062723c751e8b465ee728b)
Start importing Assets/UI/Textures/continue_grey_pressed.png using Guid(6268964d3d853d14e9bb39a2755e4c4f) Importer(815301076,1909f56bfc062723c751e8b465ee728b)  -> (artifact id: '10c0a698ca43aa7d636b4f82f1a92a10') in 0.032861 seconds 
========================================================================
Received Import Request.
  Time since last request: 0.000268 seconds.
  path: Assets/UI/Buttons/Continue.prefab
  artifactKey: Guid(34b2a610b97a1f8458184d50a0c77ec7) Importer(815301076,1909f56bfc062723c751e8b465ee728b)
Start importing Assets/UI/Buttons/Continue.prefab using Guid(34b2a610b97a1f8458184d50a0c77ec7) Importer(815301076,1909f56bfc062723c751e8b465ee728b)  -> (artifact id: '43348c60c40e441f39a281239c227328') in 0.013990 seconds 
========================================================================
Received Import Request.
  Time since last request: 0.000530 seconds.
  path: Assets/UI/Textures/audio_grey.png
  artifactKey: Guid(d6a2a86901e00094ba37083239f87eab) Importer(815301076,1909f56bfc062723c751e8b465ee728b)
Start importing Assets/UI/Textures/audio_grey.png using Guid(d6a2a86901e00094ba37083239f87eab) Importer(815301076,1909f56bfc062723c751e8b465ee728b)  -> (artifact id: 'b92f3c66932f6feac653a4adc9720667') in 0.018123 seconds 
========================================================================
Received Import Request.
  Time since last request: 0.000266 seconds.
  path: Assets/UI/Textures/back_grey.png
  artifactKey: Guid(f2821524044fdce41b4b31a986baa0ed) Importer(815301076,1909f56bfc062723c751e8b465ee728b)
Start importing Assets/UI/Textures/back_grey.png using Guid(f2821524044fdce41b4b31a986baa0ed) Importer(815301076,1909f56bfc062723c751e8b465ee728b)  -> (artifact id: 'd46164b25d6017ac0f8c4c53f2abef12') in 0.021015 seconds 
========================================================================
Received Import Request.
  Time since last request: 0.000223 seconds.
  path: Assets/UI/Textures/next_grey.png
  artifactKey: Guid(f4f7c8bd20b00af4892d04c4bcfa52f8) Importer(815301076,1909f56bfc062723c751e8b465ee728b)
Start importing Assets/UI/Textures/next_grey.png using Guid(f4f7c8bd20b00af4892d04c4bcfa52f8) Importer(815301076,1909f56bfc062723c751e8b465ee728b)  -> (artifact id: 'bb16d21995f06f4f646f5e6f35a4facc') in 0.013819 seconds 
========================================================================
Received Import Request.
  Time since last request: 0.000217 seconds.
  path: Assets/UI/Textures/pause_grey_pressed.png
  artifactKey: Guid(263be57374abaaf489d84b3f2f63d705) Importer(815301076,1909f56bfc062723c751e8b465ee728b)
Start importing Assets/UI/Textures/pause_grey_pressed.png using Guid(263be57374abaaf489d84b3f2f63d705) Importer(815301076,1909f56bfc062723c751e8b465ee728b)  -> (artifact id: 'fb3decaabbccf5d30e802f79daebe428') in 0.020519 seconds 
========================================================================
Received Import Request.
  Time since last request: 0.000166 seconds.
  path: Assets/UI/Buttons/Exit.prefab
  artifactKey: Guid(8289740c30797a64b8ce56b0e350c438) Importer(815301076,1909f56bfc062723c751e8b465ee728b)
Start importing Assets/UI/Buttons/Exit.prefab using Guid(8289740c30797a64b8ce56b0e350c438) Importer(815301076,1909f56bfc062723c751e8b465ee728b)  -> (artifact id: '042d5ab990ce7710895e4f77ba48a842') in 0.015182 seconds 
========================================================================
Received Import Request.
  Time since last request: 0.000525 seconds.
  path: Assets/UI/Textures/retry_grey.png
  artifactKey: Guid(c8320e9bde97fea479b731442181036d) Importer(815301076,1909f56bfc062723c751e8b465ee728b)
Start importing Assets/UI/Textures/retry_grey.png using Guid(c8320e9bde97fea479b731442181036d) Importer(815301076,1909f56bfc062723c751e8b465ee728b)  -> (artifact id: 'fe42701e1cf88bc4e35b89d0506a45f3') in 0.017726 seconds 
========================================================================
Received Import Request.
  Time since last request: 0.000229 seconds.
  path: Assets/UI/Textures/retry_grey_pressed.png
  artifactKey: Guid(0338b0f45944abf4db0da58b90e2e94d) Importer(815301076,1909f56bfc062723c751e8b465ee728b)
Start importing Assets/UI/Textures/retry_grey_pressed.png using Guid(0338b0f45944abf4db0da58b90e2e94d) Importer(815301076,1909f56bfc062723c751e8b465ee728b)  -> (artifact id: '52df300d1d8797eeb683ff26fb554a1a') in 0.018380 seconds 
========================================================================
Received Import Request.
  Time since last request: 0.000227 seconds.
  path: Assets/UI/Textures/back_grey_pressed.png
  artifactKey: Guid(c9610c4603e1cb744868a583b6a8bd02) Importer(815301076,1909f56bfc062723c751e8b465ee728b)
Start importing Assets/UI/Textures/back_grey_pressed.png using Guid(c9610c4603e1cb744868a583b6a8bd02) Importer(815301076,1909f56bfc062723c751e8b465ee728b)  -> (artifact id: 'd912b6c40839a2f10dbf423521e40282') in 0.019114 seconds 
========================================================================
Received Import Request.
  Time since last request: 0.000941 seconds.
  path: Assets/UI/Textures/panel_horizontal.png
  artifactKey: Guid(5016d6f22359696438a0d54178534ae4) Importer(815301076,1909f56bfc062723c751e8b465ee728b)
Start importing Assets/UI/Textures/panel_horizontal.png using Guid(5016d6f22359696438a0d54178534ae4) Importer(815301076,1909f56bfc062723c751e8b465ee728b)  -> (artifact id: 'a9f8d7e8ccc79d51c7a6388f863ab94b') in 0.022542 seconds 
========================================================================
Received Import Request.
  Time since last request: 0.000201 seconds.
  path: Assets/UI/Textures/audio_grey_pressed.png
  artifactKey: Guid(859e30f1255744d47a5b0e0e69adc316) Importer(815301076,1909f56bfc062723c751e8b465ee728b)
Start importing Assets/UI/Textures/audio_grey_pressed.png using Guid(859e30f1255744d47a5b0e0e69adc316) Importer(815301076,1909f56bfc062723c751e8b465ee728b)  -> (artifact id: 'af213436397afb17534cda693446ec17') in 0.011015 seconds 
========================================================================
Received Import Request.
  Time since last request: 0.000252 seconds.
  path: Assets/UI/Textures/panel_vertical.png
  artifactKey: Guid(bea9614f3d6c1e645aaacef83ff1295c) Importer(815301076,1909f56bfc062723c751e8b465ee728b)
Start importing Assets/UI/Textures/panel_vertical.png using Guid(bea9614f3d6c1e645aaacef83ff1295c) Importer(815301076,1909f56bfc062723c751e8b465ee728b)  -> (artifact id: 'ee29103e67b2a979b7d8e589a219600b') in 0.060896 seconds 
========================================================================
Received Import Request.
  Time since last request: 0.000206 seconds.
  path: Assets/UI/Textures/pause_grey.png
  artifactKey: Guid(9462c88c225ea3e4c8b7dbb39b38b8ca) Importer(815301076,1909f56bfc062723c751e8b465ee728b)
Start importing Assets/UI/Textures/pause_grey.png using Guid(9462c88c225ea3e4c8b7dbb39b38b8ca) Importer(815301076,1909f56bfc062723c751e8b465ee728b)  -> (artifact id: '8478110dd804b785fc61d81550cab160') in 0.018172 seconds 
========================================================================
Received Import Request.
  Time since last request: 0.000254 seconds.
  path: Assets/UI/Buttons/Store.prefab
  artifactKey: Guid(53f1136259afec9439f472570436101b) Importer(815301076,1909f56bfc062723c751e8b465ee728b)
Start importing Assets/UI/Buttons/Store.prefab using Guid(53f1136259afec9439f472570436101b) Importer(815301076,1909f56bfc062723c751e8b465ee728b)  -> (artifact id: '42d1fe1fe7abb7494591d75b63199f8a') in 0.015134 seconds 
========================================================================
Received Import Request.
  Time since last request: 0.000322 seconds.
  path: Assets/UI/Textures/exit_grey_pressed.png
  artifactKey: Guid(c8ec6eda1882ceb4fbc258ab06090e42) Importer(815301076,1909f56bfc062723c751e8b465ee728b)
Start importing Assets/UI/Textures/exit_grey_pressed.png using Guid(c8ec6eda1882ceb4fbc258ab06090e42) Importer(815301076,1909f56bfc062723c751e8b465ee728b)  -> (artifact id: '001fd3e5c7a86d2dcca6effa9fe84ad0') in 0.012673 seconds 
========================================================================
Received Import Request.
  Time since last request: 0.000257 seconds.
  path: Assets/UI/Textures/store_grey_pressed.png
  artifactKey: Guid(fdd1674d82872ea408673e74829c8801) Importer(815301076,1909f56bfc062723c751e8b465ee728b)
Start importing Assets/UI/Textures/store_grey_pressed.png using Guid(fdd1674d82872ea408673e74829c8801) Importer(815301076,1909f56bfc062723c751e8b465ee728b)  -> (artifact id: 'a4bb30c0bc28044df6fc43fea7f10a4c') in 0.014449 seconds 
========================================================================
Received Import Request.
  Time since last request: 0.000273 seconds.
  path: Assets/UI/Textures/exit_grey.png
  artifactKey: Guid(842d879b5c2fd7947b4d38d507e4700b) Importer(815301076,1909f56bfc062723c751e8b465ee728b)
Start importing Assets/UI/Textures/exit_grey.png using Guid(842d879b5c2fd7947b4d38d507e4700b) Importer(815301076,1909f56bfc062723c751e8b465ee728b)  -> (artifact id: '8e23bb1100009b2bb1d4a1e14a025ad4') in 0.013965 seconds 
========================================================================
Received Import Request.
  Time since last request: 0.000250 seconds.
  path: Assets/UI/Buttons/Back.prefab
  artifactKey: Guid(89e4aff3f50e81e4fb9a99f01de10af4) Importer(815301076,1909f56bfc062723c751e8b465ee728b)
Start importing Assets/UI/Buttons/Back.prefab using Guid(89e4aff3f50e81e4fb9a99f01de10af4) Importer(815301076,1909f56bfc062723c751e8b465ee728b)  -> (artifact id: 'd031545d0ebba7441a56c99e0990ca6f') in 0.006327 seconds 
========================================================================
Received Import Request.
  Time since last request: 0.000266 seconds.
  path: Assets/UI/Textures/PlayButton_red.png
  artifactKey: Guid(ff13115e70f245b4797c08a571605e97) Importer(815301076,1909f56bfc062723c751e8b465ee728b)
Start importing Assets/UI/Textures/PlayButton_red.png using Guid(ff13115e70f245b4797c08a571605e97) Importer(815301076,1909f56bfc062723c751e8b465ee728b)  -> (artifact id: '125d318a95685e4a52c80e450394ebd1') in 0.027259 seconds 
========================================================================
Received Import Request.
  Time since last request: 0.000233 seconds.
  path: Assets/UI/Textures/continue_grey.png
  artifactKey: Guid(b920fd09a67f3914da0e1a5a702c14da) Importer(815301076,1909f56bfc062723c751e8b465ee728b)
Start importing Assets/UI/Textures/continue_grey.png using Guid(b920fd09a67f3914da0e1a5a702c14da) Importer(815301076,1909f56bfc062723c751e8b465ee728b)  -> (artifact id: '88153e07af30b3c9c01bfad48998d153') in 0.014439 seconds 
========================================================================
Received Import Request.
  Time since last request: 0.000269 seconds.
  path: Assets/UI/Buttons
  artifactKey: Guid(99cb73cbae1870749a4c6d930ca82488) Importer(815301076,1909f56bfc062723c751e8b465ee728b)
Start importing Assets/UI/Buttons using Guid(99cb73cbae1870749a4c6d930ca82488) Importer(815301076,1909f56bfc062723c751e8b465ee728b)  -> (artifact id: 'd3e835ee7055f60ece9f6bb429edb3e9') in 0.004952 seconds 
========================================================================
Received Import Request.
  Time since last request: 0.000310 seconds.
  path: Assets/UI/Textures/store_grey.png
  artifactKey: Guid(e3f86bc4f46a6b7498dcaba5baa8da5b) Importer(815301076,1909f56bfc062723c751e8b465ee728b)
Start importing Assets/UI/Textures/store_grey.png using Guid(e3f86bc4f46a6b7498dcaba5baa8da5b) Importer(815301076,1909f56bfc062723c751e8b465ee728b)  -> (artifact id: 'ea79f50821557258c105cf357739be84') in 0.021717 seconds 
========================================================================
Received Import Request.
  Time since last request: 0.000273 seconds.
  path: Assets/UI/Textures/PlayButton_grey.png
  artifactKey: Guid(c3a143ad05d2b35499a33d70e82d9beb) Importer(815301076,1909f56bfc062723c751e8b465ee728b)
Start importing Assets/UI/Textures/PlayButton_grey.png using Guid(c3a143ad05d2b35499a33d70e82d9beb) Importer(815301076,1909f56bfc062723c751e8b465ee728b)  -> (artifact id: 'bc2d20dcaea236d824953381aa76bff5') in 0.024956 seconds 
========================================================================
Received Import Request.
  Time since last request: 96.552461 seconds.
  path: Assets/UI/Textures
  artifactKey: Guid(6e2032949dd52d3448c38bbe805435f7) Importer(815301076,1909f56bfc062723c751e8b465ee728b)
Start importing Assets/UI/Textures using Guid(6e2032949dd52d3448c38bbe805435f7) Importer(815301076,1909f56bfc062723c751e8b465ee728b)  -> (artifact id: '126e5f2c6535693c0a0e4c8cd1f823a8') in 0.009463 seconds 
========================================================================
Received Prepare
Refreshing native plugins compatible for Editor in 2.87 ms, found 2 plugins.
Preloading 0 native plugins for Editor in 0.00 ms.
Unloading 9 Unused Serialized files (Serialized files now loaded: 0)
System memory in use before: 42.5 MB.
System memory in use after: 42.6 MB.

Unloading 9 unused Assets to reduce memory usage. Loaded Objects now: 1909.
Total: 3.074200 ms (FindLiveObjects: 0.200000 ms CreateObjectMapping: 0.106000 ms MarkObjects: 2.752600 ms  DeleteObjects: 0.014400 ms)

========================================================================
Received Prepare
Registering precompiled user dll's ...
Registered in 0.005157 seconds.
Begin MonoManager ReloadAssembly
Native extension for WindowsStandalone target not found
Refreshing native plugins compatible for Editor in 0.30 ms, found 2 plugins.
Preloading 0 native plugins for Editor in 0.00 ms.
Mono: successfully reloaded assembly
- Completed reload, in  1.586 seconds
Platform modules already initialized, skipping
Refreshing native plugins compatible for Editor in 0.31 ms, found 2 plugins.
Preloading 0 native plugins for Editor in 0.00 ms.
Unloading 1426 Unused Serialized files (Serialized files now loaded: 0)
System memory in use before: 103.0 MB.
System memory in use after: 103.1 MB.

Unloading 11 unused Assets to reduce memory usage. Loaded Objects now: 2191.
Total: 3.056500 ms (FindLiveObjects: 0.148300 ms CreateObjectMapping: 0.041900 ms MarkObjects: 2.595600 ms  DeleteObjects: 0.269300 ms)

========================================================================
Received Prepare
Registering precompiled user dll's ...
Registered in 0.003981 seconds.
Begin MonoManager ReloadAssembly
Native extension for WindowsStandalone target not found
Refreshing native plugins compatible for Editor in 0.63 ms, found 2 plugins.
Preloading 0 native plugins for Editor in 0.00 ms.
Mono: successfully reloaded assembly
- Completed reload, in  1.036 seconds
Platform modules already initialized, skipping
Refreshing native plugins compatible for Editor in 0.30 ms, found 2 plugins.
Preloading 0 native plugins for Editor in 0.00 ms.
Unloading 1406 Unused Serialized files (Serialized files now loaded: 0)
System memory in use before: 102.2 MB.
System memory in use after: 102.3 MB.

Unloading 11 unused Assets to reduce memory usage. Loaded Objects now: 2193.
Total: 2.580200 ms (FindLiveObjects: 0.148100 ms CreateObjectMapping: 0.040600 ms MarkObjects: 2.352600 ms  DeleteObjects: 0.037900 ms)

AssetImportWorkerClient::OnTransportError - code=2 error=End of file
